2024.02.27 01:54:56 INFO  ce[][o.s.p.ProcessEntryPoint] Starting Compute Engine
2024.02.27 01:54:56 INFO  ce[][o.s.ce.app.CeServer] Compute Engine starting up...
2024.02.27 01:54:59 INFO  ce[][o.sonar.db.Database] Create JDBC data source for jdbc:h2:tcp://127.0.0.1:9092/sonar;NON_KEYWORDS=VALUE
2024.02.27 01:54:59 INFO  ce[][c.z.h.HikariDataSource] HikariPool-1 - Starting...
2024.02.27 01:54:59 INFO  ce[][c.z.h.p.HikariPool] HikariPool-1 - Added connection conn0: url=jdbc:h2:tcp://127.0.0.1:9092/sonar user=
2024.02.27 01:54:59 INFO  ce[][c.z.h.HikariDataSource] HikariPool-1 - Start completed.
2024.02.27 01:54:59 WARN  ce[][o.s.db.dialect.H2] H2 database should be used for evaluation purpose only.
2024.02.27 01:55:02 INFO  ce[][o.s.s.p.ServerFileSystemImpl] SonarQube home: /opt/sonarqube
2024.02.27 01:55:03 INFO  ce[][o.s.c.c.CePluginRepository] Load plugins
2024.02.27 01:55:14 INFO  ce[][o.s.c.c.ComputeEngineContainerImpl] Running Community edition
2024.02.27 01:55:14 INFO  ce[][o.s.ce.app.CeServer] Compute Engine is started
2024.02.27 02:26:21 INFO  ce[][o.s.c.t.CeWorkerImpl] Execute task | project=sonarqube-next-project | type=REPORT | id=AY3oYl2CkaBL94rS2TnN | submitter=admin
2024.02.27 02:26:28 INFO  ce[AY3oYl2CkaBL94rS2TnN][o.s.c.t.s.ComputationStepExecutor] Extract report | status=SUCCESS | time=597ms
2024.02.27 02:26:28 INFO  ce[AY3oYl2CkaBL94rS2TnN][o.s.c.t.s.ComputationStepExecutor] Persist scanner context | status=SUCCESS | time=88ms
2024.02.27 02:26:28 INFO  ce[AY3oYl2CkaBL94rS2TnN][o.s.c.t.s.ComputationStepExecutor] Propagate analysis warnings from scanner report | status=SUCCESS | time=216ms
2024.02.27 02:26:29 INFO  ce[AY3oYl2CkaBL94rS2TnN][o.s.c.t.s.ComputationStepExecutor] Generate analysis UUID | status=SUCCESS | time=2ms
2024.02.27 02:26:29 INFO  ce[AY3oYl2CkaBL94rS2TnN][o.s.c.t.s.ComputationStepExecutor] Load analysis metadata | status=SUCCESS | time=421ms
2024.02.27 02:26:29 INFO  ce[AY3oYl2CkaBL94rS2TnN][o.s.c.t.s.ComputationStepExecutor] Initialize | status=SUCCESS | time=0ms
2024.02.27 02:26:30 INFO  ce[AY3oYl2CkaBL94rS2TnN][o.s.c.t.s.ComputationStepExecutor] Build tree of components | components=83 | status=SUCCESS | time=569ms
2024.02.27 02:26:30 INFO  ce[AY3oYl2CkaBL94rS2TnN][o.s.c.t.s.ComputationStepExecutor] Validate project | status=SUCCESS | time=9ms
2024.02.27 02:26:30 INFO  ce[AY3oYl2CkaBL94rS2TnN][o.s.s.e.EsClientProvider] Connected to local Elasticsearch: [http://localhost:9001]
2024.02.27 02:26:37 INFO  ce[AY3oYl2CkaBL94rS2TnN][o.s.c.t.s.ComputationStepExecutor] Load quality profiles | status=SUCCESS | time=6014ms
2024.02.27 02:26:37 INFO  ce[AY3oYl2CkaBL94rS2TnN][o.s.c.t.s.ComputationStepExecutor] Load file hashes and statuses | status=SUCCESS | time=22ms
2024.02.27 02:26:37 INFO  ce[AY3oYl2CkaBL94rS2TnN][o.s.c.t.s.ComputationStepExecutor] Load Quality gate | status=SUCCESS | time=51ms
2024.02.27 02:26:37 INFO  ce[AY3oYl2CkaBL94rS2TnN][o.s.c.t.s.ComputationStepExecutor] Load new code period | status=SUCCESS | time=13ms
2024.02.27 02:26:37 INFO  ce[AY3oYl2CkaBL94rS2TnN][o.s.c.t.s.ComputationStepExecutor] Detect file moves | status=SUCCESS | time=0ms
2024.02.27 02:26:37 INFO  ce[AY3oYl2CkaBL94rS2TnN][o.s.c.t.s.ComputationStepExecutor] Detect file moves in Pull Request scope | status=SUCCESS | time=0ms
2024.02.27 02:26:37 INFO  ce[AY3oYl2CkaBL94rS2TnN][o.s.c.t.s.ComputationStepExecutor] Load duplications | duplications=0 | status=SUCCESS | time=14ms
2024.02.27 02:26:37 INFO  ce[AY3oYl2CkaBL94rS2TnN][o.s.c.t.s.ComputationStepExecutor] Compute cross project duplications | status=SUCCESS | time=0ms
2024.02.27 02:26:38 INFO  ce[AY3oYl2CkaBL94rS2TnN][o.s.c.t.s.ComputationStepExecutor] Compute size measures | status=SUCCESS | time=119ms
2024.02.27 02:26:38 INFO  ce[AY3oYl2CkaBL94rS2TnN][o.s.c.t.s.ComputationStepExecutor] Compute new coverage | status=SUCCESS | time=15ms
2024.02.27 02:26:38 INFO  ce[AY3oYl2CkaBL94rS2TnN][o.s.c.t.s.ComputationStepExecutor] Compute coverage measures | status=SUCCESS | time=28ms
2024.02.27 02:26:38 INFO  ce[AY3oYl2CkaBL94rS2TnN][o.s.c.t.s.ComputationStepExecutor] Compute comment measures | status=SUCCESS | time=6ms
2024.02.27 02:26:38 INFO  ce[AY3oYl2CkaBL94rS2TnN][o.s.c.t.s.ComputationStepExecutor] Compute duplication measures | status=SUCCESS | time=6ms
2024.02.27 02:26:38 INFO  ce[AY3oYl2CkaBL94rS2TnN][o.s.c.t.s.ComputationStepExecutor] Compute size measures on new code | status=SUCCESS | time=2ms
2024.02.27 02:26:38 INFO  ce[AY3oYl2CkaBL94rS2TnN][o.s.c.t.s.ComputationStepExecutor] Compute language distribution | status=SUCCESS | time=59ms
2024.02.27 02:26:38 INFO  ce[AY3oYl2CkaBL94rS2TnN][o.s.c.t.s.ComputationStepExecutor] Compute test measures | status=SUCCESS | time=4ms
2024.02.27 02:26:38 INFO  ce[AY3oYl2CkaBL94rS2TnN][o.s.c.t.s.ComputationStepExecutor] Compute complexity measures | status=SUCCESS | time=5ms
2024.02.27 02:26:38 INFO  ce[AY3oYl2CkaBL94rS2TnN][o.s.c.t.s.ComputationStepExecutor] Load measure computers | status=SUCCESS | time=4ms
2024.02.27 02:26:38 INFO  ce[AY3oYl2CkaBL94rS2TnN][o.s.c.t.s.ComputationStepExecutor] Compute Quality Profile status | status=SUCCESS | time=7ms
2024.02.27 02:26:40 INFO  ce[AY3oYl2CkaBL94rS2TnN][o.s.c.t.s.ComputationStepExecutor] Execute component visitors | status=SUCCESS | time=2253ms
2024.02.27 02:26:40 INFO  ce[AY3oYl2CkaBL94rS2TnN][o.s.c.t.s.ComputationStepExecutor] Checks executed after computation of measures | status=SUCCESS | time=1ms
2024.02.27 02:26:40 INFO  ce[AY3oYl2CkaBL94rS2TnN][o.s.c.t.s.ComputationStepExecutor] Compute Quality Gate measures | status=SUCCESS | time=45ms
2024.02.27 02:26:40 INFO  ce[AY3oYl2CkaBL94rS2TnN][o.s.c.t.s.ComputationStepExecutor] Compute Quality profile measures | status=SUCCESS | time=113ms
2024.02.27 02:26:41 INFO  ce[AY3oYl2CkaBL94rS2TnN][o.s.c.t.s.ComputationStepExecutor] Generate Quality profile events | status=SUCCESS | time=4ms
2024.02.27 02:26:41 INFO  ce[AY3oYl2CkaBL94rS2TnN][o.s.c.t.s.ComputationStepExecutor] Generate Quality gate events | status=SUCCESS | time=3ms
2024.02.27 02:26:41 INFO  ce[AY3oYl2CkaBL94rS2TnN][o.s.c.t.s.ComputationStepExecutor] Check upgrade possibility for not analyzed code files. | status=SUCCESS | time=3ms
2024.02.27 02:26:41 INFO  ce[AY3oYl2CkaBL94rS2TnN][o.s.c.t.s.ComputationStepExecutor] Persist scanner analysis cache | status=SUCCESS | time=128ms
2024.02.27 02:26:41 INFO  ce[AY3oYl2CkaBL94rS2TnN][o.s.c.t.s.ComputationStepExecutor] Persist components | status=SUCCESS | time=436ms
2024.02.27 02:26:41 INFO  ce[AY3oYl2CkaBL94rS2TnN][o.s.c.t.s.ComputationStepExecutor] Persist analysis | status=SUCCESS | time=15ms
2024.02.27 02:26:41 INFO  ce[AY3oYl2CkaBL94rS2TnN][o.s.c.t.s.ComputationStepExecutor] Persist analysis properties | status=SUCCESS | time=28ms
2024.02.27 02:26:41 INFO  ce[AY3oYl2CkaBL94rS2TnN][o.s.c.t.s.ComputationStepExecutor] Persist measures | inserts=50 | status=SUCCESS | time=125ms
2024.02.27 02:26:44 INFO  ce[AY3oYl2CkaBL94rS2TnN][o.s.c.t.s.ComputationStepExecutor] Persist live measures | insertsOrUpdates=1499 | status=SUCCESS | time=2599ms
2024.02.27 02:26:44 INFO  ce[AY3oYl2CkaBL94rS2TnN][o.s.c.t.s.ComputationStepExecutor] Persist duplication data | insertsOrUpdates=0 | status=SUCCESS | time=8ms
2024.02.27 02:26:44 INFO  ce[AY3oYl2CkaBL94rS2TnN][o.s.c.t.s.ComputationStepExecutor] Persist new ad hoc Rules | status=SUCCESS | time=31ms
2024.02.27 02:26:44 INFO  ce[AY3oYl2CkaBL94rS2TnN][o.s.c.t.s.ComputationStepExecutor] Persist issues | cacheSize=411 bytes | inserts=1 | updates=0 | merged=0 | status=SUCCESS | time=98ms
2024.02.27 02:26:44 INFO  ce[AY3oYl2CkaBL94rS2TnN][o.s.c.t.s.ComputationStepExecutor] Delete issue changes | changes=0 | status=SUCCESS | time=0ms
2024.02.27 02:26:44 INFO  ce[AY3oYl2CkaBL94rS2TnN][o.s.c.t.s.ComputationStepExecutor] Persist project links | status=SUCCESS | time=57ms
2024.02.27 02:26:44 INFO  ce[AY3oYl2CkaBL94rS2TnN][o.s.c.t.s.ComputationStepExecutor] Persist events | status=SUCCESS | time=94ms
2024.02.27 02:26:47 INFO  ce[AY3oYl2CkaBL94rS2TnN][o.s.c.t.s.ComputationStepExecutor] Persist sources | status=SUCCESS | time=2295ms
2024.02.27 02:26:47 INFO  ce[AY3oYl2CkaBL94rS2TnN][o.s.c.t.s.ComputationStepExecutor] Persist cross project duplications | status=SUCCESS | time=0ms
2024.02.27 02:26:47 INFO  ce[AY3oYl2CkaBL94rS2TnN][o.s.c.t.s.ComputationStepExecutor] Enable analysis | status=SUCCESS | time=24ms
2024.02.27 02:26:47 INFO  ce[AY3oYl2CkaBL94rS2TnN][o.s.c.t.s.ComputationStepExecutor] Update last usage date of quality profiles | status=SUCCESS | time=40ms
2024.02.27 02:26:47 INFO  ce[AY3oYl2CkaBL94rS2TnN][o.s.c.t.s.ComputationStepExecutor] Purge db | status=SUCCESS | time=537ms
2024.02.27 02:26:50 INFO  ce[AY3oYl2CkaBL94rS2TnN][o.s.c.t.s.ComputationStepExecutor] Index analysis | status=SUCCESS | time=2895ms
2024.02.27 02:26:50 INFO  ce[AY3oYl2CkaBL94rS2TnN][o.s.c.t.s.ComputationStepExecutor] Update need issue sync for branch | status=SUCCESS | time=3ms
2024.02.27 02:26:50 INFO  ce[AY3oYl2CkaBL94rS2TnN][o.s.c.t.s.ComputationStepExecutor] Compute total Project ncloc | status=SUCCESS | time=30ms
2024.02.27 02:26:50 INFO  ce[AY3oYl2CkaBL94rS2TnN][o.s.c.t.s.ComputationStepExecutor] Publishing taint vulnerabilities events | status=SUCCESS | time=7ms
2024.02.27 02:26:50 INFO  ce[AY3oYl2CkaBL94rS2TnN][o.s.c.t.s.ComputationStepExecutor] Send issue notifications | newIssuesNotifs=0 | newIssuesDeliveries=0 | myNewIssuesNotifs=0 | myNewIssuesDeliveries=0 | changesNotifs=0 | changesDeliveries=0 | status=SUCCESS | time=14ms
2024.02.27 02:26:50 INFO  ce[AY3oYl2CkaBL94rS2TnN][o.s.c.t.s.ComputationStepExecutor] Publish task results | status=SUCCESS | time=1ms
2024.02.27 02:26:50 INFO  ce[AY3oYl2CkaBL94rS2TnN][o.s.c.t.s.ComputationStepExecutor] Trigger refresh of Portfolios and Applications | status=SUCCESS | time=0ms
2024.02.27 02:26:50 INFO  ce[AY3oYl2CkaBL94rS2TnN][o.s.c.t.p.a.p.PostProjectAnalysisTasksExecutor] Webhooks | globalWebhooks=0 | projectWebhooks=0 | status=SUCCESS | time=10ms
2024.02.27 02:26:50 INFO  ce[AY3oYl2CkaBL94rS2TnN][o.s.c.t.CeWorkerImpl] Executed task | project=sonarqube-next-project | type=REPORT | id=AY3oYl2CkaBL94rS2TnN | submitter=admin | status=SUCCESS | time=29942ms
2024.02.27 02:31:43 INFO  ce[][o.s.p.ProcessEntryPoint] Gracefully stopping process
2024.02.27 02:31:43 INFO  ce[][o.s.ce.app.CeServer] Compute Engine is stopping...
2024.02.27 02:31:43 INFO  ce[][o.s.c.t.CeProcessingSchedulerImpl] Gracefully stopping workers...
2024.02.27 02:31:44 INFO  ce[][c.z.h.HikariDataSource] HikariPool-1 - Shutdown initiated...
2024.02.27 02:31:44 INFO  ce[][c.z.h.HikariDataSource] HikariPool-1 - Shutdown completed.
2024.02.27 02:31:44 INFO  ce[][o.s.ce.app.CeServer] Compute Engine is stopped
