2024.02.27 01:52:15 INFO  es[][o.e.n.Node] version[7.17.8], pid[27], build[default/tar/120eabe1c8a0cb2ae87cffc109a5b65d213e9df1/2022-12-02T17:33:09.727072865Z], OS[Linux/6.4.16-linuxkit/amd64], JVM[Eclipse Adoptium/OpenJDK 64-Bit Server VM/17.0.9/17.0.9+9]
2024.02.27 01:52:15 INFO  es[][o.e.n.Node] JVM home [/opt/java/openjdk]
2024.02.27 01:52:15 INFO  es[][o.e.n.Node] JVM arguments [-XX:+UseG1GC, -Djava.io.tmpdir=/opt/sonarqube/temp, -XX:ErrorFile=/opt/sonarqube/logs/es_hs_err_pid%p.log, -Des.networkaddress.cache.ttl=60, -Des.networkaddress.cache.negative.ttl=10, -XX:+AlwaysPreTouch, -Xss1m, -Djava.awt.headless=true, -Dfile.encoding=UTF-8, -Djna.nosys=true, -Djna.tmpdir=/opt/sonarqube/temp, -XX:-OmitStackTraceInFastThrow, -Dio.netty.noUnsafe=true, -Dio.netty.noKeySetOptimization=true, -Dio.netty.recycler.maxCapacityPerThread=0, -Dio.netty.allocator.numDirectArenas=0, -Dlog4j.shutdownHookEnabled=false, -Dlog4j2.disable.jmx=true, -Dlog4j2.formatMsgNoLookups=true, -Djava.locale.providers=COMPAT, -Dcom.redhat.fips=false, -Xmx512m, -Xms512m, -XX:MaxDirectMemorySize=256m, -XX:+HeapDumpOnOutOfMemoryError, -Des.path.home=/opt/sonarqube/elasticsearch, -Des.path.conf=/opt/sonarqube/temp/conf/es, -Des.distribution.flavor=default, -Des.distribution.type=tar, -Des.bundled_jdk=false]
2024.02.27 01:52:16 INFO  es[][o.e.p.PluginsService] loaded module [analysis-common]
2024.02.27 01:52:16 INFO  es[][o.e.p.PluginsService] loaded module [lang-painless]
2024.02.27 01:52:16 INFO  es[][o.e.p.PluginsService] loaded module [parent-join]
2024.02.27 01:52:16 INFO  es[][o.e.p.PluginsService] loaded module [reindex]
2024.02.27 01:52:16 INFO  es[][o.e.p.PluginsService] loaded module [transport-netty4]
2024.02.27 01:52:16 INFO  es[][o.e.p.PluginsService] no plugins loaded
2024.02.27 01:52:16 INFO  es[][o.e.e.NodeEnvironment] using [1] data paths, mounts [[/opt/sonarqube/data (/host_mark/Users)]], net usable_space [264.2gb], net total_space [465.6gb], types [fakeowner]
2024.02.27 01:52:16 INFO  es[][o.e.e.NodeEnvironment] heap size [512mb], compressed ordinary object pointers [true]
2024.02.27 01:52:17 INFO  es[][o.e.n.Node] node name [sonarqube], node ID [PCZqQyodRhWFuipq9LC23g], cluster name [sonarqube], roles [data_frozen, master, remote_cluster_client, data, data_content, data_hot, data_warm, data_cold, ingest]
2024.02.27 01:52:23 INFO  es[][o.e.t.NettyAllocator] creating NettyAllocator with the following configs: [name=unpooled, suggested_max_allocation_size=256kb, factors={es.unsafe.use_unpooled_allocator=null, g1gc_enabled=true, g1gc_region_size=1mb, heap_size=512mb}]
2024.02.27 01:52:23 INFO  es[][o.e.i.r.RecoverySettings] using rate limit [40mb] with [default=40mb, read=0b, write=0b, max=0b]
2024.02.27 01:52:23 INFO  es[][o.e.d.DiscoveryModule] using discovery type [zen] and seed hosts providers [settings]
2024.02.27 01:52:24 INFO  es[][o.e.g.DanglingIndicesState] gateway.auto_import_dangling_indices is disabled, dangling indices will not be automatically detected or imported and must be managed manually
2024.02.27 01:52:24 INFO  es[][o.e.n.Node] initialized
2024.02.27 01:52:24 INFO  es[][o.e.n.Node] starting ...
2024.02.27 01:52:24 INFO  es[][o.e.t.TransportService] publish_address {127.0.0.1:34549}, bound_addresses {127.0.0.1:34549}
2024.02.27 01:52:25 INFO  es[][o.e.c.c.Coordinator] setting initial configuration to VotingConfiguration{PCZqQyodRhWFuipq9LC23g}
2024.02.27 01:52:25 INFO  es[][o.e.c.s.MasterService] elected-as-master ([1] nodes joined)[{sonarqube}{PCZqQyodRhWFuipq9LC23g}{8-eYi5BMRd6H6QGYEDKmlg}{127.0.0.1}{127.0.0.1:34549}{cdfhimrsw} elect leader, _BECOME_MASTER_TASK_, _FINISH_ELECTION_], term: 1, version: 1, delta: master node changed {previous [], current [{sonarqube}{PCZqQyodRhWFuipq9LC23g}{8-eYi5BMRd6H6QGYEDKmlg}{127.0.0.1}{127.0.0.1:34549}{cdfhimrsw}]}
2024.02.27 01:52:25 INFO  es[][o.e.c.c.CoordinationState] cluster UUID set to [TQT-WAi6SGyhuTMRqi6Fpg]
2024.02.27 01:52:25 INFO  es[][o.e.c.s.ClusterApplierService] master node changed {previous [], current [{sonarqube}{PCZqQyodRhWFuipq9LC23g}{8-eYi5BMRd6H6QGYEDKmlg}{127.0.0.1}{127.0.0.1:34549}{cdfhimrsw}]}, term: 1, version: 1, reason: Publication{term=1, version=1}
2024.02.27 01:52:26 INFO  es[][o.e.h.AbstractHttpServerTransport] publish_address {127.0.0.1:9001}, bound_addresses {127.0.0.1:9001}
2024.02.27 01:52:26 INFO  es[][o.e.n.Node] started
2024.02.27 01:52:26 INFO  es[][o.e.g.GatewayService] recovered [0] indices into cluster_state
2024.02.27 01:53:01 INFO  es[][o.e.c.m.MetadataCreateIndexService] [metadatas] creating index, cause [api], templates [], shards [1]/[0]
2024.02.27 01:53:02 INFO  es[][o.e.m.j.JvmGcMonitorService] [gc][38] overhead, spent [335ms] collecting in the last [1s]
2024.02.27 01:53:03 INFO  es[][o.e.c.r.a.AllocationService] Cluster health status changed from [YELLOW] to [GREEN] (reason: [shards started [[metadatas][0]]]).
2024.02.27 01:53:03 INFO  es[][o.e.c.m.MetadataMappingService] [metadatas/O7YuTAWnQ-amvqHMEdIzBg] create_mapping [metadata]
2024.02.27 01:53:04 INFO  es[][o.e.c.m.MetadataCreateIndexService] [components] creating index, cause [api], templates [], shards [5]/[0]
2024.02.27 01:53:06 INFO  es[][o.e.c.r.a.AllocationService] Cluster health status changed from [YELLOW] to [GREEN] (reason: [shards started [[components][4]]]).
2024.02.27 01:53:06 INFO  es[][o.e.c.m.MetadataMappingService] [components/KtzHUUXwQs6CHGHJtpPpVA] create_mapping [auth]
2024.02.27 01:53:07 INFO  es[][o.e.c.m.MetadataCreateIndexService] [projectmeasures] creating index, cause [api], templates [], shards [5]/[0]
2024.02.27 01:53:08 INFO  es[][o.e.c.r.a.AllocationService] Cluster health status changed from [YELLOW] to [GREEN] (reason: [shards started [[projectmeasures][4]]]).
2024.02.27 01:53:08 INFO  es[][o.e.c.m.MetadataMappingService] [projectmeasures/QbzUQF95R364U-YjgVZhwA] create_mapping [auth]
2024.02.27 01:53:09 INFO  es[][o.e.c.m.MetadataCreateIndexService] [rules] creating index, cause [api], templates [], shards [2]/[0]
2024.02.27 01:53:09 INFO  es[][o.e.c.r.a.AllocationService] Cluster health status changed from [YELLOW] to [GREEN] (reason: [shards started [[rules][0]]]).
2024.02.27 01:53:09 INFO  es[][o.e.c.m.MetadataMappingService] [rules/ExHf7cQSQNu0I3zKjBj5xg] create_mapping [rule]
2024.02.27 01:53:10 INFO  es[][o.e.c.m.MetadataCreateIndexService] [issues] creating index, cause [api], templates [], shards [5]/[0]
2024.02.27 01:53:11 INFO  es[][o.e.c.r.a.AllocationService] Cluster health status changed from [YELLOW] to [GREEN] (reason: [shards started [[issues][4]]]).
2024.02.27 01:53:11 INFO  es[][o.e.c.m.MetadataMappingService] [issues/_IgLCwjbRbKtnn-kJBTiBA] create_mapping [auth]
2024.02.27 01:53:12 INFO  es[][o.e.c.m.MetadataCreateIndexService] [users] creating index, cause [api], templates [], shards [1]/[0]
2024.02.27 01:53:12 INFO  es[][o.e.c.r.a.AllocationService] Cluster health status changed from [YELLOW] to [GREEN] (reason: [shards started [[users][0]]]).
2024.02.27 01:53:12 INFO  es[][o.e.c.m.MetadataMappingService] [users/e6DypbB8Rguu4yCgUal2tA] create_mapping [user]
2024.02.27 01:53:13 INFO  es[][o.e.c.m.MetadataCreateIndexService] [views] creating index, cause [api], templates [], shards [5]/[0]
2024.02.27 01:53:16 INFO  es[][o.e.c.r.a.AllocationService] Cluster health status changed from [YELLOW] to [GREEN] (reason: [shards started [[views][4]]]).
2024.02.27 01:53:17 INFO  es[][o.e.c.m.MetadataMappingService] [views/PuklRiHJSNyaqrRtPZLtPw] create_mapping [view]
2024.02.27 01:54:18 INFO  es[][o.e.m.j.JvmGcMonitorService] [gc][112] overhead, spent [389ms] collecting in the last [1s]
2024.02.27 01:54:51 INFO  es[][o.e.c.s.IndexScopedSettings] updating [index.refresh_interval] from [30s] to [-1]
2024.02.27 01:54:51 INFO  es[][o.e.c.s.IndexScopedSettings] updating [index.refresh_interval] from [30s] to [-1]
2024.02.27 01:54:51 INFO  es[][o.e.c.s.IndexScopedSettings] updating [index.refresh_interval] from [-1] to [30s]
2024.02.27 01:54:51 INFO  es[][o.e.c.s.IndexScopedSettings] updating [index.refresh_interval] from [-1] to [30s]
2024.02.27 01:54:52 INFO  es[][o.e.c.s.IndexScopedSettings] updating [index.refresh_interval] from [30s] to [-1]
2024.02.27 01:54:53 INFO  es[][o.e.c.s.IndexScopedSettings] updating [index.refresh_interval] from [30s] to [-1]
2024.02.27 01:54:53 INFO  es[][o.e.c.s.IndexScopedSettings] updating [index.refresh_interval] from [-1] to [30s]
2024.02.27 01:54:53 INFO  es[][o.e.c.s.IndexScopedSettings] updating [index.refresh_interval] from [-1] to [30s]
2024.02.27 02:24:10 INFO  es[][o.e.m.j.JvmGcMonitorService] [gc][young][1892][14] duration [917ms], collections [1]/[1.8s], total [917ms]/[2.1s], memory [385mb]->[97.2mb]/[512mb], all_pools {[young] [290mb]->[0b]/[0b]}{[old] [82.4mb]->[82.4mb]/[512mb]}{[survivor] [12.6mb]->[14.8mb]/[0b]}
2024.02.27 02:24:10 WARN  es[][o.e.m.j.JvmGcMonitorService] [gc][1892] overhead, spent [917ms] collecting in the last [1.8s]
2024.02.27 02:24:12 INFO  es[][o.e.m.j.JvmGcMonitorService] [gc][young][1894][15] duration [796ms], collections [1]/[1s], total [796ms]/[2.9s], memory [104.2mb]->[98mb]/[512mb], all_pools {[young] [7mb]->[0b]/[0b]}{[old] [82.4mb]->[97.7mb]/[512mb]}{[survivor] [14.8mb]->[295.5kb]/[0b]}
2024.02.27 02:24:12 WARN  es[][o.e.m.j.JvmGcMonitorService] [gc][1894] overhead, spent [796ms] collecting in the last [1s]
